2019-09-18 16:46:17  [ main:0 ] - [ INFO ]  http://wdev.dian.so/leo/1.0/h5/login接口返回的响应信息为--->{"success":true,"data":{"userId":3712,"nick":"贝壳","returnToken":"OUNFMzZDQUFBQUU5OUI2RDcxRUIxRkJGQTc1Q0UzMEUxQzdEQzA4RTM3MTI=","isNewIndex":1,"xdEmp":1}}
2019-09-18 16:54:27  [ main:0 ] - [ ERROR ]  第1行接口地址为空跳出读取apiInfo数据循环体
2019-09-18 16:54:28  [ main:364 ] - [ ERROR ]  http://wdev.dian.so/leo/1.0接口请求异常请排查!!!--->错误码为：404
2019-09-18 16:56:20  [ main:0 ] - [ ERROR ]  第1行接口地址为空跳出读取apiInfo数据循环体
2019-09-18 16:56:20  [ main:92 ] - [ ERROR ]  登陆账号或密码不能为空！！！
2019-09-18 16:58:49  [ main:0 ] - [ ERROR ]  第1行接口地址为空跳出读取apiInfo数据循环体
2019-09-18 16:58:49  [ main:91 ] - [ ERROR ]  第行接口信息录入错误！！！
2019-09-18 16:59:23  [ main:0 ] - [ ERROR ]  第1行接口地址为空跳出读取apiInfo数据循环体
2019-09-18 16:59:23  [ main:93 ] - [ ERROR ]  第0行接口信息录入错误！！！
2019-09-18 17:18:04  [ main:0 ] - [ INFO ]  http://wdev.dian.so/leo/1.0/h5/login接口返回的响应信息为--->{"success":true,"data":{"userId":3712,"nick":"贝壳","returnToken":"OUNFMzZDQUFBQUU5OUI2RDcxRUIxRkJGQTc1Q0UzMEUxQzdEQzA4RTM3MTI=","isNewIndex":1,"xdEmp":1}}
2019-09-18 17:25:42  [ main:0 ] - [ INFO ]  http://wdev.dian.so/leo/1.0/h5/login接口返回的响应信息为--->{"success":true,"data":{"userId":3712,"nick":"贝壳","returnToken":"OUNFMzZDQUFBQUU5OUI2RDcxRUIxRkJGQTc1Q0UzMEUxQzdEQzA4RTM3MTI=","isNewIndex":1,"xdEmp":1}}
2019-09-18 17:38:24  [ main:0 ] - [ INFO ]  http://wdev.dian.so/leo/1.0/h5/login接口返回的响应信息为--->{"success":true,"data":{"userId":3712,"nick":"贝壳","returnToken":"OUNFMzZDQUFBQUU5OUI2RDcxRUIxRkJGQTc1Q0UzMEUxQzdEQzA4RTM3MTI=","isNewIndex":1,"xdEmp":1}}
2019-09-18 17:44:01  [ main:0 ] - [ INFO ]  http://wdev.dian.so/leo/1.0/h5/login接口返回的响应信息为--->{"success":true,"data":{"userId":3712,"nick":"贝壳","returnToken":"OUNFMzZDQUFBQUU5OUI2RDcxRUIxRkJGQTc1Q0UzMEUxQzdEQzA4RTM3MTI=","isNewIndex":1,"xdEmp":1}}
2019-09-18 17:54:43  [ main:0 ] - [ INFO ]  http://wdev.dian.so/leo/1.0/h5/login接口返回的响应信息为--->{"success":true,"data":{"userId":3712,"nick":"贝壳","returnToken":"OUNFMzZDQUFBQUU5OUI2RDcxRUIxRkJGQTc1Q0UzMEUxQzdEQzA4RTM3MTI=","isNewIndex":1,"xdEmp":1}}
2019-09-18 17:57:23  [ main:0 ] - [ ERROR ]  第7行接口地址为空跳出读取apiInfo数据循环体
2019-09-18 17:57:23  [ main:356 ] - [ INFO ]  http://wdev.dian.so/leo/1.0/h5/login接口返回的响应信息为--->{"success":true,"data":{"userId":3712,"nick":"贝壳","returnToken":"OUNFMzZDQUFBQUU5OUI2RDcxRUIxRkJGQTc1Q0UzMEUxQzdEQzA4RTM3MTI=","isNewIndex":1,"xdEmp":1}}
2019-09-18 17:57:25  [ main:2631 ] - [ ERROR ]  第7行接口地址为空跳出读取apiInfo数据循环体
2019-09-18 17:57:25  [ main:2688 ] - [ INFO ]  /h5/login
2019-09-18 17:57:25  [ main:2830 ] - [ INFO ]  http://wdev.dian.so/leo/1.0/h5/login接口返回的响应信息为--->{"success":true,"data":{"userId":3712,"nick":"贝壳","returnToken":"OUNFMzZDQUFBQUU5OUI2RDcxRUIxRkJGQTc1Q0UzMEUxQzdEQzA4RTM3MTI=","isNewIndex":1,"xdEmp":1}}
2019-09-18 17:57:27  [ main:3976 ] - [ ERROR ]  第7行接口地址为空跳出读取apiInfo数据循环体
2019-09-18 17:57:27  [ main:4049 ] - [ INFO ]  /h5/login
2019-09-18 17:57:27  [ main:4169 ] - [ INFO ]  http://wdev.dian.so/leo/1.0/h5/login接口返回的响应信息为--->{"success":true,"data":{"userId":3712,"nick":"贝壳","returnToken":"OUNFMzZDQUFBQUU5OUI2RDcxRUIxRkJGQTc1Q0UzMEUxQzdEQzA4RTM3MTI=","isNewIndex":1,"xdEmp":1}}
2019-09-18 17:57:28  [ main:5306 ] - [ ERROR ]  第7行接口地址为空跳出读取apiInfo数据循环体
2019-09-18 17:57:28  [ main:5382 ] - [ INFO ]  /h5/login
2019-09-18 17:57:28  [ main:5498 ] - [ INFO ]  http://wdev.dian.so/leo/1.0/h5/login接口返回的响应信息为--->{"success":true,"data":{"userId":3712,"nick":"贝壳","returnToken":"OUNFMzZDQUFBQUU5OUI2RDcxRUIxRkJGQTc1Q0UzMEUxQzdEQzA4RTM3MTI=","isNewIndex":1,"xdEmp":1}}
2019-09-18 17:57:29  [ main:6635 ] - [ ERROR ]  第7行接口地址为空跳出读取apiInfo数据循环体
2019-09-18 17:57:29  [ main:6699 ] - [ INFO ]  /h5/login
2019-09-18 17:57:29  [ main:6817 ] - [ INFO ]  http://wdev.dian.so/leo/1.0/h5/login接口返回的响应信息为--->{"success":true,"data":{"userId":3712,"nick":"贝壳","returnToken":"OUNFMzZDQUFBQUU5OUI2RDcxRUIxRkJGQTc1Q0UzMEUxQzdEQzA4RTM3MTI=","isNewIndex":1,"xdEmp":1}}
2019-09-18 17:57:31  [ main:7953 ] - [ ERROR ]  第7行接口地址为空跳出读取apiInfo数据循环体
2019-09-18 17:57:31  [ main:8007 ] - [ INFO ]  /h5/login
2019-09-18 17:57:31  [ main:8130 ] - [ INFO ]  http://wdev.dian.so/leo/1.0/h5/login接口返回的响应信息为--->{"success":true,"data":{"userId":3712,"nick":"贝壳","returnToken":"OUNFMzZDQUFBQUU5OUI2RDcxRUIxRkJGQTc1Q0UzMEUxQzdEQzA4RTM3MTI=","isNewIndex":1,"xdEmp":1}}
2019-09-18 17:57:32  [ main:9261 ] - [ ERROR ]  第7行接口地址为空跳出读取apiInfo数据循环体
2019-09-18 17:57:32  [ main:9314 ] - [ INFO ]  
2019-09-18 17:57:32  [ main:9314 ] - [ ERROR ]  第7行接口信息录入错误！！！
